TN:
SF:src/prompts/index.ts
FN:6,(anonymous_0)
FN:7,(anonymous_1)
FN:12,(anonymous_2)
FN:13,(anonymous_3)
FN:18,(anonymous_4)
FN:19,(anonymous_5)
FN:20,(anonymous_6)
FN:21,(anonymous_7)
FNF:8
FNH:8
FNDA:17,(anonymous_0)
FNDA:7,(anonymous_1)
FNDA:10,(anonymous_2)
FNDA:4,(anonymous_3)
FNDA:12,(anonymous_4)
FNDA:4,(anonymous_5)
FNDA:10,(anonymous_6)
FNDA:32,(anonymous_7)
DA:5,1
DA:6,18
DA:7,8
DA:11,1
DA:12,11
DA:13,5
DA:17,1
DA:18,13
DA:19,5
DA:20,11
DA:21,33
LF:11
LH:11
BRF:0
BRH:0
end_of_record
TN:
SF:src/prompts/spec-analysis.prompt.ts
FN:118,generateSpecAnalysisPrompt
FNF:1
FNH:1
FNDA:7,generateSpecAnalysisPrompt
DA:6,1
DA:118,1
DA:119,7
DA:121,7
DA:122,3
DA:123,3
DA:124,3
DA:126,4
DA:129,7
DA:130,2
DA:131,2
DA:132,2
DA:134,5
DA:137,7
LF:14
LH:14
BRDA:121,0,0,3
BRDA:121,0,1,4
BRDA:129,1,0,2
BRDA:129,1,1,5
BRF:4
BRH:4
end_of_record
TN:
SF:src/prompts/task-breakdown.prompt.ts
FN:208,generateTaskBreakdownPrompt
FNF:1
FNH:1
FNDA:4,generateTaskBreakdownPrompt
DA:6,1
DA:208,1
DA:209,4
DA:212,4
DA:221,4
DA:222,24
DA:223,8
DA:224,8
DA:229,4
DA:236,4
DA:237,16
DA:238,16
DA:239,0
DA:240,0
DA:241,0
DA:243,16
DA:244,16
DA:248,4
LF:18
LH:15
BRDA:222,0,0,8
BRDA:223,1,0,8
BRDA:223,1,1,0
BRDA:238,2,0,0
BRDA:238,2,1,16
BRF:5
BRH:3
end_of_record
TN:
SF:src/prompts/template-population.prompt.ts
FN:244,generateTemplatePopulationPrompt
FN:266,(anonymous_1)
FN:301,generateWorkplanId
FN:329,isValidWorkplanId
FNF:4
FNH:4
FNDA:4,generateTemplatePopulationPrompt
FNDA:4,(anonymous_1)
FNDA:10,generateWorkplanId
FNDA:32,isValidWorkplanId
DA:6,1
DA:244,1
DA:245,4
DA:248,4
DA:249,3
DA:251,4
DA:252,3
DA:254,4
DA:255,3
DA:257,4
DA:258,1
DA:260,4
DA:261,1
DA:265,4
DA:266,3
DA:267,4
DA:268,4
DA:269,4
DA:271,3
DA:275,4
DA:282,4
DA:283,16
DA:284,16
DA:285,0
DA:286,0
DA:287,0
DA:289,16
DA:290,16
DA:294,4
DA:301,1
DA:302,10
DA:303,4
DA:307,6
DA:314,6
DA:315,1
DA:319,6
DA:320,0
DA:323,6
DA:329,1
DA:330,32
DA:331,5
DA:335,27
DA:336,27
LF:43
LH:39
BRDA:248,0,0,3
BRDA:249,1,0,3
BRDA:249,1,1,0
BRDA:251,2,0,3
BRDA:252,3,0,3
BRDA:252,3,1,0
BRDA:254,4,0,3
BRDA:255,5,0,3
BRDA:255,5,1,0
BRDA:257,6,0,1
BRDA:258,7,0,1
BRDA:258,7,1,0
BRDA:260,8,0,1
BRDA:261,9,0,1
BRDA:261,9,1,0
BRDA:265,10,0,3
BRDA:267,11,0,1
BRDA:267,11,1,3
BRDA:268,12,0,1
BRDA:268,12,1,3
BRDA:284,13,0,0
BRDA:284,13,1,16
BRDA:302,14,0,4
BRDA:302,15,0,10
BRDA:302,15,1,8
BRDA:303,16,0,1
BRDA:303,16,1,3
BRDA:314,17,0,1
BRDA:319,18,0,0
BRDA:320,19,0,0
BRDA:320,19,1,0
BRDA:330,20,0,5
BRDA:330,21,0,32
BRDA:330,21,1,29
BRF:34
BRH:25
end_of_record
TN:
SF:src/services/claude-integration.ts
FN:34,(anonymous_9)
FN:44,(anonymous_10)
FN:91,(anonymous_11)
FN:107,(anonymous_12)
FN:119,(anonymous_13)
FN:124,(anonymous_14)
FN:137,(anonymous_15)
FN:146,(anonymous_16)
FN:151,(anonymous_17)
FN:156,(anonymous_18)
FN:169,(anonymous_19)
FN:190,(anonymous_20)
FN:211,createClaudeIntegration
FNF:13
FNH:1
FNDA:3,(anonymous_9)
FNDA:0,(anonymous_10)
FNDA:0,(anonymous_11)
FNDA:0,(anonymous_12)
FNDA:0,(anonymous_13)
FNDA:0,(anonymous_14)
FNDA:0,(anonymous_15)
FNDA:0,(anonymous_16)
FNDA:0,(anonymous_17)
FNDA:0,(anonymous_18)
FNDA:0,(anonymous_19)
FNDA:0,(anonymous_20)
FNDA:0,createClaudeIntegration
DA:1,1
DA:2,1
DA:3,1
DA:4,1
DA:29,1
DA:35,3
DA:36,3
DA:37,3
DA:45,0
DA:46,0
DA:47,0
DA:49,0
DA:51,0
DA:54,0
DA:55,0
DA:58,0
DA:65,0
DA:66,0
DA:69,0
DA:71,0
DA:72,0
DA:77,0
DA:80,0
DA:81,0
DA:83,0
DA:92,0
DA:93,0
DA:95,0
DA:96,0
DA:101,0
DA:108,0
DA:109,0
DA:110,0
DA:112,0
DA:124,0
DA:125,0
DA:126,0
DA:127,0
DA:128,0
DA:130,0
DA:137,0
DA:138,0
DA:139,0
DA:140,0
DA:141,0
DA:146,0
DA:147,0
DA:151,0
DA:152,0
DA:156,0
DA:157,0
DA:158,0
DA:159,0
DA:160,0
DA:169,0
DA:170,0
DA:171,0
DA:172,0
DA:173,0
DA:178,0
DA:179,0
DA:180,0
DA:182,0
DA:191,0
DA:192,0
DA:195,0
DA:197,0
DA:198,0
DA:199,0
DA:200,0
DA:203,0
DA:211,1
DA:212,0
LF:73
LH:9
BRDA:34,0,0,0
BRDA:35,1,0,3
BRDA:35,1,1,3
BRDA:36,2,0,3
BRDA:36,2,1,0
BRDA:37,3,0,3
BRDA:37,3,1,3
BRDA:65,4,0,0
BRDA:71,5,0,0
BRDA:95,6,0,0
BRDA:125,7,0,0
BRDA:125,7,1,0
BRDA:138,8,0,0
BRDA:157,9,0,0
BRDA:163,10,0,0
BRDA:163,10,1,0
BRDA:170,11,0,0
BRDA:178,12,0,0
BRDA:178,12,1,0
BRDA:191,13,0,0
BRDA:199,14,0,0
BRDA:199,14,1,0
BRF:22
BRH:5
end_of_record
TN:
SF:src/services/template-renderer.ts
FN:26,(anonymous_9)
FN:41,(anonymous_10)
FN:67,(anonymous_11)
FN:96,(anonymous_12)
FN:128,(anonymous_13)
FN:143,(anonymous_14)
FN:147,(anonymous_15)
FN:166,(anonymous_16)
FN:178,(anonymous_17)
FN:182,(anonymous_18)
FN:196,(anonymous_19)
FN:214,createTemplateRenderer
FNF:12
FNH:11
FNDA:26,(anonymous_9)
FNDA:5,(anonymous_10)
FNDA:3,(anonymous_11)
FNDA:12,(anonymous_12)
FNDA:13,(anonymous_13)
FNDA:3,(anonymous_14)
FNDA:0,(anonymous_15)
FNDA:6,(anonymous_16)
FNDA:24,(anonymous_17)
FNDA:131,(anonymous_18)
FNDA:15,(anonymous_19)
FNDA:2,createTemplateRenderer
DA:2,3
DA:3,3
DA:21,3
DA:27,26
DA:45,5
DA:46,1
DA:49,4
DA:50,1
DA:54,3
DA:57,3
DA:63,3
DA:64,3
DA:67,3
DA:68,3
DA:69,3
DA:70,3
DA:73,3
DA:74,6
DA:75,6
DA:79,3
DA:80,3
DA:84,3
DA:100,12
DA:101,1
DA:104,11
DA:105,1
DA:108,10
DA:109,10
DA:110,8
DA:112,2
DA:113,1
DA:115,1
DA:132,13
DA:133,1
DA:136,12
DA:137,12
DA:147,3
DA:148,3
DA:150,3
DA:151,0
DA:152,0
DA:156,3
DA:157,0
DA:170,6
DA:171,6
DA:172,6
DA:182,24
DA:183,131
DA:184,120
DA:188,11
DA:197,15
DA:214,3
DA:217,2
LF:53
LH:50
BRDA:26,0,0,8
BRDA:27,1,0,26
BRDA:27,1,1,8
BRDA:45,2,0,1
BRDA:49,3,0,1
BRDA:49,4,0,4
BRDA:49,4,1,4
BRDA:68,5,0,3
BRDA:68,5,1,0
BRDA:69,6,0,3
BRDA:69,6,1,0
BRDA:79,7,0,3
BRDA:100,8,0,1
BRDA:104,9,0,1
BRDA:112,10,0,1
BRDA:132,11,0,1
BRDA:147,12,0,3
BRDA:147,12,1,3
BRDA:151,13,0,0
BRDA:151,14,0,0
BRDA:151,14,1,0
BRDA:151,15,0,0
BRDA:151,15,1,0
BRDA:156,16,0,0
BRDA:183,17,0,120
BRDA:184,18,0,120
BRDA:184,18,1,0
BRF:27
BRH:18
end_of_record
TN:
SF:src/services/workplan-creator.ts
FN:38,(anonymous_9)
FN:49,(anonymous_10)
FN:87,(anonymous_11)
FN:144,(anonymous_12)
FN:161,(anonymous_13)
FN:189,(anonymous_14)
FN:214,(anonymous_15)
FN:253,(anonymous_16)
FN:326,(anonymous_17)
FN:351,(anonymous_18)
FN:358,(anonymous_19)
FN:359,(anonymous_20)
FN:371,(anonymous_21)
FN:389,createWorkplanCreator
FN:402,createWorkplan
FNF:15
FNH:12
FNDA:38,(anonymous_9)
FNDA:31,(anonymous_10)
FNDA:31,(anonymous_11)
FNDA:21,(anonymous_12)
FNDA:21,(anonymous_13)
FNDA:21,(anonymous_14)
FNDA:20,(anonymous_15)
FNDA:20,(anonymous_16)
FNDA:17,(anonymous_17)
FNDA:12,(anonymous_18)
FNDA:0,(anonymous_19)
FNDA:0,(anonymous_20)
FNDA:12,(anonymous_21)
FNDA:2,createWorkplanCreator
FNDA:0,createWorkplan
DA:1,1
DA:2,1
DA:6,1
DA:7,1
DA:33,1
DA:39,38
DA:42,38
DA:43,38
DA:55,31
DA:58,22
DA:61,21
DA:64,21
DA:67,20
DA:70,18
DA:71,17
DA:74,12
DA:75,12
DA:79,12
DA:81,11
DA:92,31
DA:93,1
DA:96,30
DA:97,2
DA:101,28
DA:102,28
DA:103,27
DA:104,1
DA:107,2
DA:108,1
DA:110,1
DA:114,26
DA:115,4
DA:116,1
DA:119,3
DA:120,3
DA:121,2
DA:122,1
DA:125,2
DA:126,1
DA:128,1
DA:133,23
DA:134,23
DA:135,1
DA:150,21
DA:153,21
DA:155,21
DA:163,21
DA:170,21
DA:171,2
DA:179,21
DA:180,1
DA:183,21
DA:193,21
DA:194,21
DA:197,2
DA:198,1
DA:203,20
DA:205,1
DA:220,20
DA:223,20
DA:225,20
DA:226,20
DA:240,19
DA:241,1
DA:244,18
DA:246,2
DA:254,20
DA:258,20
DA:328,17
DA:329,2
DA:333,15
DA:334,15
DA:336,15
DA:337,28
DA:338,3
DA:343,12
DA:344,1
DA:352,12
DA:353,12
DA:356,0
DA:357,0
DA:358,0
DA:359,0
DA:361,0
DA:362,0
DA:363,0
DA:372,12
DA:374,12
DA:375,12
DA:378,12
DA:380,1
DA:389,1
DA:390,2
DA:402,1
DA:407,0
DA:408,0
LF:96
LH:87
BRDA:38,0,0,2
BRDA:39,1,0,38
BRDA:39,1,1,3
BRDA:42,2,0,38
BRDA:42,2,1,4
BRDA:52,3,0,11
BRDA:70,4,0,17
BRDA:74,5,0,12
BRDA:92,6,0,1
BRDA:96,7,0,2
BRDA:96,8,0,30
BRDA:96,8,1,29
BRDA:103,9,0,1
BRDA:107,10,0,1
BRDA:114,11,0,4
BRDA:115,12,0,1
BRDA:121,13,0,1
BRDA:125,14,0,1
BRDA:134,15,0,1
BRDA:150,16,0,21
BRDA:150,16,1,20
BRDA:170,17,0,2
BRDA:179,18,0,1
BRDA:197,19,0,1
BRDA:203,20,0,1
BRDA:235,21,0,20
BRDA:235,21,1,1
BRDA:236,22,0,20
BRDA:236,22,1,1
BRDA:240,23,0,1
BRDA:240,24,0,19
BRDA:240,24,1,18
BRDA:254,25,0,1
BRDA:254,25,1,19
BRDA:328,26,0,2
BRDA:337,27,0,3
BRDA:343,28,0,1
BRDA:343,29,0,12
BRDA:343,29,1,1
BRDA:352,30,0,12
BRDA:362,31,0,0
BRF:41
BRH:40
end_of_record
TN:
SF:src/utils/spec-parser.ts
FN:99,(anonymous_9)
FN:135,(anonymous_10)
FN:139,(anonymous_11)
FN:143,(anonymous_12)
FN:155,(anonymous_13)
FN:168,(anonymous_14)
FN:182,(anonymous_15)
FN:249,(anonymous_16)
FN:260,(anonymous_17)
FN:281,(anonymous_18)
FN:294,(anonymous_19)
FN:317,(anonymous_20)
FN:357,(anonymous_21)
FN:377,(anonymous_22)
FN:380,(anonymous_23)
FN:388,(anonymous_24)
FN:428,createSpecParser
FNF:17
FNH:15
FNDA:44,(anonymous_9)
FNDA:5,(anonymous_10)
FNDA:0,(anonymous_11)
FNDA:0,(anonymous_12)
FNDA:40,(anonymous_13)
FNDA:40,(anonymous_14)
FNDA:40,(anonymous_15)
FNDA:208,(anonymous_16)
FNDA:11,(anonymous_17)
FNDA:11,(anonymous_18)
FNDA:11,(anonymous_19)
FNDA:11,(anonymous_20)
FNDA:11,(anonymous_21)
FNDA:11,(anonymous_22)
FNDA:1,(anonymous_23)
FNDA:40,(anonymous_24)
FNDA:1,createSpecParser
DA:1,2
DA:2,2
DA:91,2
DA:100,44
DA:101,1
DA:105,43
DA:106,43
DA:108,2
DA:111,41
DA:112,1
DA:115,40
DA:116,40
DA:124,40
DA:136,5
DA:138,4
DA:139,0
DA:142,4
DA:143,4
DA:144,4
DA:149,0
DA:156,40
DA:157,40
DA:158,40
DA:159,39
DA:162,1
DA:169,40
DA:170,229
DA:171,229
DA:172,8
DA:173,8
DA:176,32
DA:183,40
DA:184,40
DA:185,40
DA:186,40
DA:187,40
DA:189,40
DA:190,267
DA:191,267
DA:194,267
DA:195,59
DA:196,59
DA:197,0
DA:198,0
DA:199,0
DA:201,59
DA:205,208
DA:206,11
DA:207,7
DA:210,11
DA:211,11
DA:218,11
DA:219,11
DA:223,197
DA:224,5
DA:225,5
DA:226,5
DA:227,5
DA:239,40
DA:240,4
DA:243,40
DA:251,208
DA:262,11
DA:265,11
DA:266,11
DA:267,0
DA:271,11
DA:283,11
DA:286,11
DA:288,11
DA:295,11
DA:296,11
DA:298,11
DA:299,1
DA:301,10
DA:302,2
DA:304,8
DA:305,1
DA:307,7
DA:308,2
DA:311,5
DA:323,11
DA:324,11
DA:325,11
DA:332,11
DA:333,11
DA:336,11
DA:337,11
DA:340,11
DA:341,11
DA:342,1
DA:345,11
DA:346,11
DA:347,1
DA:350,11
DA:358,11
DA:359,11
DA:360,1
DA:362,10
DA:363,0
DA:365,10
DA:366,0
DA:368,10
DA:369,0
DA:371,10
DA:378,11
DA:379,11
DA:380,1
DA:382,10
DA:389,40
DA:391,40
DA:392,267
DA:395,267
DA:396,267
DA:397,2
DA:398,2
DA:401,265
DA:402,265
DA:403,2
DA:404,2
DA:407,263
DA:408,263
DA:409,1
DA:410,1
DA:413,262
DA:414,262
DA:415,18
DA:416,18
DA:420,40
DA:428,2
DA:429,1
LF:131
LH:122
BRDA:100,0,0,1
BRDA:111,1,0,1
BRDA:139,2,0,0
BRDA:139,2,1,0
BRDA:142,3,0,4
BRDA:158,4,0,39
BRDA:171,5,0,8
BRDA:171,6,0,229
BRDA:171,6,1,224
BRDA:194,7,0,59
BRDA:196,8,0,0
BRDA:205,9,0,11
BRDA:206,10,0,7
BRDA:223,11,0,5
BRDA:223,12,0,197
BRDA:223,12,1,15
BRDA:226,13,0,5
BRDA:239,14,0,4
BRDA:251,15,0,208
BRDA:251,15,1,207
BRDA:251,15,2,204
BRDA:251,15,3,202
BRDA:266,16,0,0
BRDA:266,17,0,11
BRDA:266,17,1,0
BRDA:288,18,0,11
BRDA:288,18,1,0
BRDA:298,19,0,1
BRDA:298,20,0,11
BRDA:298,20,1,10
BRDA:301,21,0,2
BRDA:301,22,0,10
BRDA:301,22,1,8
BRDA:304,23,0,1
BRDA:304,24,0,8
BRDA:304,24,1,7
BRDA:307,25,0,2
BRDA:307,26,0,7
BRDA:307,26,1,6
BRDA:323,27,0,11
BRDA:323,28,0,11
BRDA:323,28,1,11
BRDA:323,28,2,11
BRDA:332,29,0,11
BRDA:336,30,0,11
BRDA:341,31,0,1
BRDA:346,32,0,1
BRDA:359,33,0,1
BRDA:359,34,0,11
BRDA:359,34,1,10
BRDA:362,35,0,0
BRDA:362,36,0,10
BRDA:362,36,1,10
BRDA:365,37,0,0
BRDA:365,38,0,10
BRDA:365,38,1,10
BRDA:368,39,0,0
BRDA:368,40,0,10
BRDA:368,40,1,10
BRDA:379,41,0,1
BRDA:396,42,0,2
BRDA:396,43,0,267
BRDA:396,43,1,2
BRDA:402,44,0,2
BRDA:402,45,0,265
BRDA:402,45,1,2
BRDA:408,46,0,1
BRDA:408,47,0,263
BRDA:408,47,1,1
BRDA:414,48,0,18
BRDA:414,49,0,262
BRDA:414,49,1,18
BRDA:420,50,0,10
BRDA:420,50,1,30
BRF:74
BRH:65
end_of_record
